<?xml version="1.0" encoding="UTF-8" ?>
<testsuite tests="1" failures="1" name="Runner.Test" time="17.566" errors="0" skipped="0">
  <properties>
    <property name="jansi.mode" value="force"/>
    <property name="java.runtime.name" value="OpenJDK Runtime Environment"/>
    <property name="java.vm.version" value="11.0.16+8-post-Ubuntu-0ubuntu120.04"/>
    <property name="sun.boot.library.path" value="/usr/lib/jvm/java-11-openjdk-amd64/lib"/>
    <property name="maven.multiModuleProjectDirectory" value="/home/safia/eclipse-workspace/ACMESystem"/>
    <property name="java.vm.vendor" value="Ubuntu"/>
    <property name="java.vendor.url" value="https://ubuntu.com/"/>
    <property name="guice.disable.misplaced.annotation.check" value="true"/>
    <property name="path.separator" value=":"/>
    <property name="java.vm.name" value="OpenJDK 64-Bit Server VM"/>
    <property name="sun.os.patch.level" value="unknown"/>
    <property name="user.country" value="US"/>
    <property name="sun.java.launcher" value="SUN_STANDARD"/>
    <property name="java.vm.specification.name" value="Java Virtual Machine Specification"/>
    <property name="user.dir" value="/home/safia/eclipse-workspace/ACMESystem"/>
    <property name="java.vm.compressedOopsMode" value="32-bit"/>
    <property name="java.runtime.version" value="11.0.16+8-post-Ubuntu-0ubuntu120.04"/>
    <property name="java.awt.graphicsenv" value="sun.awt.X11GraphicsEnvironment"/>
    <property name="os.arch" value="amd64"/>
    <property name="java.io.tmpdir" value="/tmp"/>
    <property name="line.separator" value="
"/>
    <property name="java.vm.specification.vendor" value="Oracle Corporation"/>
    <property name="os.name" value="Linux"/>
    <property name="classworlds.conf" value="/home/safia/eclipse-workspace/.metadata/.plugins/org.eclipse.m2e.launching/launches/m2conf4753628737608595863.tmp"/>
    <property name="sun.jnu.encoding" value="UTF-8"/>
    <property name="java.library.path" value="/usr/java/packages/lib:/usr/lib/x86_64-linux-gnu/jni:/lib/x86_64-linux-gnu:/usr/lib/x86_64-linux-gnu:/usr/lib/jni:/lib:/usr/lib"/>
    <property name="jdk.debug" value="release"/>
    <property name="java.class.version" value="55.0"/>
    <property name="java.specification.name" value="Java Platform API Specification"/>
    <property name="sun.management.compiler" value="HotSpot 64-Bit Tiered Compilers"/>
    <property name="os.version" value="5.15.0-46-generic"/>
    <property name="user.home" value="/home/safia"/>
    <property name="user.timezone" value="Africa/Cairo"/>
    <property name="java.awt.printerjob" value="sun.print.PSPrinterJob"/>
    <property name="file.encoding" value="UTF-8"/>
    <property name="java.specification.version" value="11"/>
    <property name="user.name" value="safia"/>
    <property name="java.class.path" value="/snap/eclipse/62/plugins/org.eclipse.m2e.maven.runtime_3.8.601.20220820-1147/jars/plexus-classworlds-2.6.0.jar"/>
    <property name="java.vm.specification.version" value="11"/>
    <property name="sun.arch.data.model" value="64"/>
    <property name="sun.java.command" value="org.codehaus.plexus.classworlds.launcher.Launcher -B -Dstyle.color=always test"/>
    <property name="java.home" value="/usr/lib/jvm/java-11-openjdk-amd64"/>
    <property name="user.language" value="en"/>
    <property name="java.specification.vendor" value="Oracle Corporation"/>
    <property name="awt.toolkit" value="sun.awt.X11.XToolkit"/>
    <property name="java.vm.info" value="mixed mode, sharing"/>
    <property name="java.version" value="11.0.16"/>
    <property name="java.vendor" value="Ubuntu"/>
    <property name="maven.home" value="/home/safia/eclipse-workspace/ACMESystem/EMBEDDED"/>
    <property name="style.color" value="always"/>
    <property name="file.separator" value="/"/>
    <property name="java.version.date" value="2022-07-19"/>
    <property name="java.vendor.url.bug" value="https://bugs.launchpad.net/ubuntu/+source/openjdk-lts"/>
    <property name="sun.io.unicode.encoding" value="UnicodeLittle"/>
    <property name="sun.cpu.endian" value="little"/>
    <property name="sun.desktop" value="gnome"/>
    <property name="sun.cpu.isalist" value=""/>
  </properties>
  <testcase classname="Register" name="Enter true values in all fields" time="17.566">
    <failure message="expected:&lt;ACME System 1 - [Dashboard]&gt; but was:&lt;ACME System 1 - [Register]&gt;" type="org.junit.ComparisonFailure">org.junit.ComparisonFailure: expected:&lt;ACME System 1 - [Dashboard]&gt; but was:&lt;ACME System 1 - [Register]&gt;
	at org.junit.Assert.assertEquals(Assert.java:117)
	at org.junit.Assert.assertEquals(Assert.java:146)
	at StepDefinitions.LoginSteps.the_system_should_redirect_to_the_dashboard_page_with_the_title(LoginSteps.java:96)
	at ✽.The system should redirect to the dashboard page with the title &quot;ACME System 1 - Dashboard&quot;(file:///home/safia/eclipse-workspace/ACMESystem/src/test/java/Features/Register.feature:150)
</failure>
    <system-out>
@current-implementation @important
Scenario Outline: Enter true values in all fields                                                  &amp;#27;[90m# src/test/java/Features/Register.feature:154&amp;#27;[0m
  &amp;#27;[32mGiven &amp;#27;[0m&amp;#27;[32mThe user open the registration page&amp;#27;[0m                                                        &amp;#27;[90m# StepDefinitions.RegisterSteps.the_user_open_the_registration_page()&amp;#27;[0m
  &amp;#27;[32mWhen &amp;#27;[0m&amp;#27;[32mThe user enter a valid username in registration page &amp;#27;[0m&amp;#27;[32m&amp;#27;[1m&quot;s.mahallel99@gmail.comb&quot;&amp;#27;[0m              &amp;#27;[90m# StepDefinitions.RegisterSteps.the_user_enter_a_valid_username_in_registration_page(java.lang.String)&amp;#27;[0m
  &amp;#27;[32mAnd &amp;#27;[0m&amp;#27;[32mThe user enter a valid password in registration page  &amp;#27;[0m&amp;#27;[32m&amp;#27;[1m&quot;123456789a&quot;&amp;#27;[0m                           &amp;#27;[90m# StepDefinitions.RegisterSteps.the_user_enter_a_valid_password_in_registration_page(java.lang.String)&amp;#27;[0m
  &amp;#27;[32mAnd &amp;#27;[0m&amp;#27;[32mThe user enter a valid retypepassword in registration page &amp;#27;[0m&amp;#27;[32m&amp;#27;[1m&quot;&lt;retypepassword&gt;&quot;&amp;#27;[0m                &amp;#27;[90m# StepDefinitions.RegisterSteps.the_user_enter_a_valid_retypepassword_in_registration_page(java.lang.String)&amp;#27;[0m
  &amp;#27;[32mAnd &amp;#27;[0m&amp;#27;[32mThe user check the terms ofuse and privacy policy&amp;#27;[0m                                            &amp;#27;[90m# StepDefinitions.RegisterSteps.the_user_check_the_terms_ofuse_and_privacy_policy()&amp;#27;[0m
  &amp;#27;[32mAnd &amp;#27;[0m&amp;#27;[32mThe user check the captcha&amp;#27;[0m                                                                   &amp;#27;[90m# StepDefinitions.RegisterSteps.the_user_check_the_captcha()&amp;#27;[0m
  &amp;#27;[32mAnd &amp;#27;[0m&amp;#27;[32mThe user click on register button&amp;#27;[0m                                                            &amp;#27;[90m# StepDefinitions.RegisterSteps.the_user_click_on_register_button()&amp;#27;[0m
  &amp;#27;[31mThen &amp;#27;[0m&amp;#27;[31mThe system should redirect to the dashboard page with the title &amp;#27;[0m&amp;#27;[31m&amp;#27;[1m&quot;ACME System 1 - Dashboard&quot;&amp;#27;[0m &amp;#27;[90m# StepDefinitions.LoginSteps.the_system_should_redirect_to_the_dashboard_page_with_the_title(java.lang.String)&amp;#27;[0m
      &amp;#27;[31morg.junit.ComparisonFailure: expected:&lt;ACME System 1 - [Dashboard]&gt; but was:&lt;ACME System 1 - [Register]&gt;
	at org.junit.Assert.assertEquals(Assert.java:117)
	at org.junit.Assert.assertEquals(Assert.java:146)
	at StepDefinitions.LoginSteps.the_system_should_redirect_to_the_dashboard_page_with_the_title(LoginSteps.java:96)
	at ✽.The system should redirect to the dashboard page with the title &quot;ACME System 1 - Dashboard&quot;(file:///home/safia/eclipse-workspace/ACMESystem/src/test/java/Features/Register.feature:150)
&amp;#27;[0m

    Embedding  [image/png 67026 bytes]

</system-out>
    <system-err>SLF4J: Failed to load class &quot;org.slf4j.impl.StaticLoggerBinder&quot;.
SLF4J: Defaulting to no-operation (NOP) logger implementation
SLF4J: See http://www.slf4j.org/codes.html#StaticLoggerBinder for further details.
Starting ChromeDriver 104.0.5112.79 (3cf3e8c8a07d104b9e1260c910efb8f383285dc5-refs/branch-heads/5112@{#1307}) on port 30388
Only local connections are allowed.
Please see https://chromedriver.chromium.org/security-considerations for suggestions on keeping ChromeDriver safe.
ChromeDriver was started successfully.
Oct 27, 2022 1:22:35 PM org.openqa.selenium.remote.ProtocolHandshake createSession
INFO: Detected dialect: W3C
</system-err>
  </testcase>
</testsuite>