<?xml version="1.0" encoding="UTF-8"?>
<testsuite xmlns:xsi="http://www.w3.org/2001/XMLSchema-instance" xsi:noNamespaceSchemaLocation="https://maven.apache.org/surefire/maven-surefire-plugin/xsd/surefire-test-report.xsd" name="Runner.Test" time="45.955" tests="1" errors="0" skipped="0" failures="1">
  <properties>
    <property name="sun.desktop" value="gnome"/>
    <property name="awt.toolkit" value="sun.awt.X11.XToolkit"/>
    <property name="java.specification.version" value="11"/>
    <property name="sun.cpu.isalist" value=""/>
    <property name="sun.jnu.encoding" value="UTF-8"/>
    <property name="java.class.path" value="/home/safia/eclipse-workspace/ACMESystem/target/test-classes:/home/safia/eclipse-workspace/ACMESystem/target/classes:/home/safia/.m2/repository/junit/junit/4.13.1/junit-4.13.1.jar:/home/safia/.m2/repository/org/hamcrest/hamcrest-core/1.3/hamcrest-core-1.3.jar:/home/safia/.m2/repository/org/seleniumhq/selenium/selenium-java/3.141.59/selenium-java-3.141.59.jar:/home/safia/.m2/repository/org/seleniumhq/selenium/selenium-api/3.141.59/selenium-api-3.141.59.jar:/home/safia/.m2/repository/org/seleniumhq/selenium/selenium-chrome-driver/3.141.59/selenium-chrome-driver-3.141.59.jar:/home/safia/.m2/repository/org/seleniumhq/selenium/selenium-edge-driver/3.141.59/selenium-edge-driver-3.141.59.jar:/home/safia/.m2/repository/org/seleniumhq/selenium/selenium-firefox-driver/3.141.59/selenium-firefox-driver-3.141.59.jar:/home/safia/.m2/repository/org/seleniumhq/selenium/selenium-ie-driver/3.141.59/selenium-ie-driver-3.141.59.jar:/home/safia/.m2/repository/org/seleniumhq/selenium/selenium-opera-driver/3.141.59/selenium-opera-driver-3.141.59.jar:/home/safia/.m2/repository/org/seleniumhq/selenium/selenium-remote-driver/3.141.59/selenium-remote-driver-3.141.59.jar:/home/safia/.m2/repository/org/seleniumhq/selenium/selenium-safari-driver/3.141.59/selenium-safari-driver-3.141.59.jar:/home/safia/.m2/repository/org/seleniumhq/selenium/selenium-support/3.141.59/selenium-support-3.141.59.jar:/home/safia/.m2/repository/net/bytebuddy/byte-buddy/1.8.15/byte-buddy-1.8.15.jar:/home/safia/.m2/repository/org/apache/commons/commons-exec/1.3/commons-exec-1.3.jar:/home/safia/.m2/repository/com/google/guava/guava/25.0-jre/guava-25.0-jre.jar:/home/safia/.m2/repository/com/google/code/findbugs/jsr305/1.3.9/jsr305-1.3.9.jar:/home/safia/.m2/repository/org/checkerframework/checker-compat-qual/2.0.0/checker-compat-qual-2.0.0.jar:/home/safia/.m2/repository/com/google/errorprone/error_prone_annotations/2.1.3/error_prone_annotations-2.1.3.jar:/home/safia/.m2/repository/com/google/j2objc/j2objc-annotations/1.1/j2objc-annotations-1.1.jar:/home/safia/.m2/repository/org/codehaus/mojo/animal-sniffer-annotations/1.14/animal-sniffer-annotations-1.14.jar:/home/safia/.m2/repository/com/squareup/okhttp3/okhttp/3.11.0/okhttp-3.11.0.jar:/home/safia/.m2/repository/com/squareup/okio/okio/1.14.0/okio-1.14.0.jar:/home/safia/.m2/repository/io/github/bonigarcia/webdrivermanager/5.3.0/webdrivermanager-5.3.0.jar:/home/safia/.m2/repository/org/slf4j/slf4j-api/1.7.36/slf4j-api-1.7.36.jar:/home/safia/.m2/repository/com/google/code/gson/gson/2.9.1/gson-2.9.1.jar:/home/safia/.m2/repository/com/github/docker-java/docker-java/3.2.13/docker-java-3.2.13.jar:/home/safia/.m2/repository/com/github/docker-java/docker-java-core/3.2.13/docker-java-core-3.2.13.jar:/home/safia/.m2/repository/com/github/docker-java/docker-java-api/3.2.13/docker-java-api-3.2.13.jar:/home/safia/.m2/repository/org/apache/commons/commons-compress/1.21/commons-compress-1.21.jar:/home/safia/.m2/repository/org/bouncycastle/bcpkix-jdk15on/1.64/bcpkix-jdk15on-1.64.jar:/home/safia/.m2/repository/org/bouncycastle/bcprov-jdk15on/1.64/bcprov-jdk15on-1.64.jar:/home/safia/.m2/repository/org/slf4j/jcl-over-slf4j/1.7.30/jcl-over-slf4j-1.7.30.jar:/home/safia/.m2/repository/com/github/docker-java/docker-java-transport-httpclient5/3.2.13/docker-java-transport-httpclient5-3.2.13.jar:/home/safia/.m2/repository/com/github/docker-java/docker-java-transport/3.2.13/docker-java-transport-3.2.13.jar:/home/safia/.m2/repository/net/java/dev/jna/jna/5.8.0/jna-5.8.0.jar:/home/safia/.m2/repository/org/brotli/dec/0.1.2/dec-0.1.2.jar:/home/safia/.m2/repository/org/apache/commons/commons-lang3/3.12.0/commons-lang3-3.12.0.jar:/home/safia/.m2/repository/org/apache/httpcomponents/client5/httpclient5/5.1.3/httpclient5-5.1.3.jar:/home/safia/.m2/repository/org/apache/httpcomponents/core5/httpcore5/5.1.3/httpcore5-5.1.3.jar:/home/safia/.m2/repository/org/apache/httpcomponents/core5/httpcore5-h2/5.1.3/httpcore5-h2-5.1.3.jar:/home/safia/.m2/repository/commons-codec/commons-codec/1.15/commons-codec-1.15.jar:/home/safia/.m2/repository/io/cucumber/cucumber-java/7.6.0/cucumber-java-7.6.0.jar:/home/safia/.m2/repository/org/apiguardian/apiguardian-api/1.1.2/apiguardian-api-1.1.2.jar:/home/safia/.m2/repository/io/cucumber/cucumber-junit/7.6.0/cucumber-junit-7.6.0.jar:/home/safia/.m2/repository/io/cucumber/cucumber-core/7.6.0/cucumber-core-7.6.0.jar:/home/safia/.m2/repository/io/cucumber/cucumber-gherkin/7.6.0/cucumber-gherkin-7.6.0.jar:/home/safia/.m2/repository/io/cucumber/cucumber-gherkin-messages/7.6.0/cucumber-gherkin-messages-7.6.0.jar:/home/safia/.m2/repository/io/cucumber/messages/19.0.0/messages-19.0.0.jar:/home/safia/.m2/repository/io/cucumber/tag-expressions/4.1.0/tag-expressions-4.1.0.jar:/home/safia/.m2/repository/io/cucumber/cucumber-expressions/16.0.0/cucumber-expressions-16.0.0.jar:/home/safia/.m2/repository/io/cucumber/datatable/7.6.0/datatable-7.6.0.jar:/home/safia/.m2/repository/io/cucumber/cucumber-plugin/7.6.0/cucumber-plugin-7.6.0.jar:/home/safia/.m2/repository/io/cucumber/docstring/7.6.0/docstring-7.6.0.jar:/home/safia/.m2/repository/io/cucumber/html-formatter/20.0.0/html-formatter-20.0.0.jar:/home/safia/.m2/repository/io/cucumber/ci-environment/9.1.0/ci-environment-9.1.0.jar:/home/safia/.m2/repository/io/cucumber/gherkin/24.0.0/gherkin-24.0.0.jar:/home/safia/.m2/repository/net/masterthought/cucumber-reporting/5.7.2/cucumber-reporting-5.7.2.jar:/home/safia/.m2/repository/com/fasterxml/jackson/core/jackson-databind/2.13.2.2/jackson-databind-2.13.2.2.jar:/home/safia/.m2/repository/com/fasterxml/jackson/core/jackson-annotations/2.13.2/jackson-annotations-2.13.2.jar:/home/safia/.m2/repository/com/fasterxml/jackson/core/jackson-core/2.13.2/jackson-core-2.13.2.jar:/home/safia/.m2/repository/com/fasterxml/jackson/datatype/jackson-datatype-jsr310/2.13.2/jackson-datatype-jsr310-2.13.2.jar:/home/safia/.m2/repository/org/apache/velocity/velocity-engine-core/2.3/velocity-engine-core-2.3.jar:/home/safia/.m2/repository/commons-collections/commons-collections/3.2.2/commons-collections-3.2.2.jar:/home/safia/.m2/repository/joda-time/joda-time/2.10.14/joda-time-2.10.14.jar:/home/safia/.m2/repository/commons-io/commons-io/2.7/commons-io-2.7.jar:/home/safia/.m2/repository/org/codehaus/plexus/plexus-utils/3.4.2/plexus-utils-3.4.2.jar:/home/safia/.m2/repository/org/jsoup/jsoup/1.15.1/jsoup-1.15.1.jar:/home/safia/.m2/repository/com/googlecode/owasp-java-html-sanitizer/owasp-java-html-sanitizer/20211018.2/owasp-java-html-sanitizer-20211018.2.jar:/home/safia/.m2/repository/commons-configuration/commons-configuration/1.10/commons-configuration-1.10.jar:/home/safia/.m2/repository/commons-lang/commons-lang/2.6/commons-lang-2.6.jar:/home/safia/.m2/repository/commons-logging/commons-logging/1.1.1/commons-logging-1.1.1.jar:/home/safia/.m2/repository/org/apache/maven/plugins/maven-surefire-plugin/3.0.0-M7/maven-surefire-plugin-3.0.0-M7.jar:/home/safia/.m2/repository/org/apache/maven/surefire/maven-surefire-common/3.0.0-M7/maven-surefire-common-3.0.0-M7.jar:/home/safia/.m2/repository/org/apache/maven/surefire/surefire-api/3.0.0-M7/surefire-api-3.0.0-M7.jar:/home/safia/.m2/repository/org/apache/maven/surefire/surefire-logger-api/3.0.0-M7/surefire-logger-api-3.0.0-M7.jar:/home/safia/.m2/repository/org/apache/maven/surefire/surefire-extensions-api/3.0.0-M7/surefire-extensions-api-3.0.0-M7.jar:/home/safia/.m2/repository/org/apache/maven/surefire/surefire-booter/3.0.0-M7/surefire-booter-3.0.0-M7.jar:/home/safia/.m2/repository/org/apache/maven/surefire/surefire-extensions-spi/3.0.0-M7/surefire-extensions-spi-3.0.0-M7.jar:/home/safia/.m2/repository/org/apache/maven/shared/maven-common-artifact-filters/3.1.1/maven-common-artifact-filters-3.1.1.jar:/home/safia/.m2/repository/org/apache/maven/maven-artifact/3.1.0/maven-artifact-3.1.0.jar:/home/safia/.m2/repository/org/apache/maven/maven-core/3.1.0/maven-core-3.1.0.jar:/home/safia/.m2/repository/org/apache/maven/maven-settings/3.1.0/maven-settings-3.1.0.jar:/home/safia/.m2/repository/org/apache/maven/maven-settings-builder/3.1.0/maven-settings-builder-3.1.0.jar:/home/safia/.m2/repository/org/apache/maven/maven-repository-metadata/3.1.0/maven-repository-metadata-3.1.0.jar:/home/safia/.m2/repository/org/apache/maven/maven-model-builder/3.1.0/maven-model-builder-3.1.0.jar:/home/safia/.m2/repository/org/apache/maven/maven-aether-provider/3.1.0/maven-aether-provider-3.1.0.jar:/home/safia/.m2/repository/org/eclipse/aether/aether-spi/0.9.0.M2/aether-spi-0.9.0.M2.jar:/home/safia/.m2/repository/org/eclipse/aether/aether-impl/0.9.0.M2/aether-impl-0.9.0.M2.jar:/home/safia/.m2/repository/org/eclipse/aether/aether-api/0.9.0.M2/aether-api-0.9.0.M2.jar:/home/safia/.m2/repository/org/eclipse/aether/aether-util/0.9.0.M2/aether-util-0.9.0.M2.jar:/home/safia/.m2/repository/org/eclipse/sisu/org.eclipse.sisu.plexus/0.0.0.M2a/org.eclipse.sisu.plexus-0.0.0.M2a.jar:/home/safia/.m2/repository/javax/enterprise/cdi-api/1.0/cdi-api-1.0.jar:/home/safia/.m2/repository/javax/annotation/jsr250-api/1.0/jsr250-api-1.0.jar:/home/safia/.m2/repository/javax/inject/javax.inject/1/javax.inject-1.jar:/home/safia/.m2/repository/org/sonatype/sisu/sisu-guice/3.1.0/sisu-guice-3.1.0-no_aop.jar:/home/safia/.m2/repository/aopalliance/aopalliance/1.0/aopalliance-1.0.jar:/home/safia/.m2/repository/org/eclipse/sisu/org.eclipse.sisu.inject/0.0.0.M2a/org.eclipse.sisu.inject-0.0.0.M2a.jar:/home/safia/.m2/repository/asm/asm/3.3.1/asm-3.3.1.jar:/home/safia/.m2/repository/org/codehaus/plexus/plexus-interpolation/1.16/plexus-interpolation-1.16.jar:/home/safia/.m2/repository/org/codehaus/plexus/plexus-classworlds/2.4.2/plexus-classworlds-2.4.2.jar:/home/safia/.m2/repository/org/codehaus/plexus/plexus-component-annotations/1.5.5/plexus-component-annotations-1.5.5.jar:/home/safia/.m2/repository/org/sonatype/plexus/plexus-sec-dispatcher/1.3/plexus-sec-dispatcher-1.3.jar:/home/safia/.m2/repository/org/sonatype/plexus/plexus-cipher/1.4/plexus-cipher-1.4.jar:/home/safia/.m2/repository/org/apache/maven/maven-plugin-api/3.1.0/maven-plugin-api-3.1.0.jar:/home/safia/.m2/repository/org/codehaus/plexus/plexus-java/1.1.1/plexus-java-1.1.1.jar:/home/safia/.m2/repository/org/ow2/asm/asm/9.2/asm-9.2.jar:/home/safia/.m2/repository/com/thoughtworks/qdox/qdox/2.0.1/qdox-2.0.1.jar:/home/safia/.m2/repository/org/apache/maven/surefire/surefire-shared-utils/3.0.0-M7/surefire-shared-utils-3.0.0-M7.jar:"/>
    <property name="java.vm.vendor" value="Ubuntu"/>
    <property name="sun.arch.data.model" value="64"/>
    <property name="java.vendor.url" value="https://ubuntu.com/"/>
    <property name="user.timezone" value=""/>
    <property name="java.vm.specification.version" value="11"/>
    <property name="os.name" value="Linux"/>
    <property name="sun.java.launcher" value="SUN_STANDARD"/>
    <property name="user.country" value="US"/>
    <property name="sun.boot.library.path" value="/usr/lib/jvm/java-11-openjdk-amd64/lib"/>
    <property name="sun.java.command" value="/home/safia/eclipse-workspace/ACMESystem/target/surefire/surefirebooter18148758536486192598.jar /home/safia/eclipse-workspace/ACMESystem/target/surefire 2022-10-23T15-43-32_141-jvmRun1 surefire12303903738419426876tmp surefire_06800358788863998837tmp"/>
    <property name="jdk.debug" value="release"/>
    <property name="surefire.test.class.path" value="/home/safia/eclipse-workspace/ACMESystem/target/test-classes:/home/safia/eclipse-workspace/ACMESystem/target/classes:/home/safia/.m2/repository/junit/junit/4.13.1/junit-4.13.1.jar:/home/safia/.m2/repository/org/hamcrest/hamcrest-core/1.3/hamcrest-core-1.3.jar:/home/safia/.m2/repository/org/seleniumhq/selenium/selenium-java/3.141.59/selenium-java-3.141.59.jar:/home/safia/.m2/repository/org/seleniumhq/selenium/selenium-api/3.141.59/selenium-api-3.141.59.jar:/home/safia/.m2/repository/org/seleniumhq/selenium/selenium-chrome-driver/3.141.59/selenium-chrome-driver-3.141.59.jar:/home/safia/.m2/repository/org/seleniumhq/selenium/selenium-edge-driver/3.141.59/selenium-edge-driver-3.141.59.jar:/home/safia/.m2/repository/org/seleniumhq/selenium/selenium-firefox-driver/3.141.59/selenium-firefox-driver-3.141.59.jar:/home/safia/.m2/repository/org/seleniumhq/selenium/selenium-ie-driver/3.141.59/selenium-ie-driver-3.141.59.jar:/home/safia/.m2/repository/org/seleniumhq/selenium/selenium-opera-driver/3.141.59/selenium-opera-driver-3.141.59.jar:/home/safia/.m2/repository/org/seleniumhq/selenium/selenium-remote-driver/3.141.59/selenium-remote-driver-3.141.59.jar:/home/safia/.m2/repository/org/seleniumhq/selenium/selenium-safari-driver/3.141.59/selenium-safari-driver-3.141.59.jar:/home/safia/.m2/repository/org/seleniumhq/selenium/selenium-support/3.141.59/selenium-support-3.141.59.jar:/home/safia/.m2/repository/net/bytebuddy/byte-buddy/1.8.15/byte-buddy-1.8.15.jar:/home/safia/.m2/repository/org/apache/commons/commons-exec/1.3/commons-exec-1.3.jar:/home/safia/.m2/repository/com/google/guava/guava/25.0-jre/guava-25.0-jre.jar:/home/safia/.m2/repository/com/google/code/findbugs/jsr305/1.3.9/jsr305-1.3.9.jar:/home/safia/.m2/repository/org/checkerframework/checker-compat-qual/2.0.0/checker-compat-qual-2.0.0.jar:/home/safia/.m2/repository/com/google/errorprone/error_prone_annotations/2.1.3/error_prone_annotations-2.1.3.jar:/home/safia/.m2/repository/com/google/j2objc/j2objc-annotations/1.1/j2objc-annotations-1.1.jar:/home/safia/.m2/repository/org/codehaus/mojo/animal-sniffer-annotations/1.14/animal-sniffer-annotations-1.14.jar:/home/safia/.m2/repository/com/squareup/okhttp3/okhttp/3.11.0/okhttp-3.11.0.jar:/home/safia/.m2/repository/com/squareup/okio/okio/1.14.0/okio-1.14.0.jar:/home/safia/.m2/repository/io/github/bonigarcia/webdrivermanager/5.3.0/webdrivermanager-5.3.0.jar:/home/safia/.m2/repository/org/slf4j/slf4j-api/1.7.36/slf4j-api-1.7.36.jar:/home/safia/.m2/repository/com/google/code/gson/gson/2.9.1/gson-2.9.1.jar:/home/safia/.m2/repository/com/github/docker-java/docker-java/3.2.13/docker-java-3.2.13.jar:/home/safia/.m2/repository/com/github/docker-java/docker-java-core/3.2.13/docker-java-core-3.2.13.jar:/home/safia/.m2/repository/com/github/docker-java/docker-java-api/3.2.13/docker-java-api-3.2.13.jar:/home/safia/.m2/repository/org/apache/commons/commons-compress/1.21/commons-compress-1.21.jar:/home/safia/.m2/repository/org/bouncycastle/bcpkix-jdk15on/1.64/bcpkix-jdk15on-1.64.jar:/home/safia/.m2/repository/org/bouncycastle/bcprov-jdk15on/1.64/bcprov-jdk15on-1.64.jar:/home/safia/.m2/repository/org/slf4j/jcl-over-slf4j/1.7.30/jcl-over-slf4j-1.7.30.jar:/home/safia/.m2/repository/com/github/docker-java/docker-java-transport-httpclient5/3.2.13/docker-java-transport-httpclient5-3.2.13.jar:/home/safia/.m2/repository/com/github/docker-java/docker-java-transport/3.2.13/docker-java-transport-3.2.13.jar:/home/safia/.m2/repository/net/java/dev/jna/jna/5.8.0/jna-5.8.0.jar:/home/safia/.m2/repository/org/brotli/dec/0.1.2/dec-0.1.2.jar:/home/safia/.m2/repository/org/apache/commons/commons-lang3/3.12.0/commons-lang3-3.12.0.jar:/home/safia/.m2/repository/org/apache/httpcomponents/client5/httpclient5/5.1.3/httpclient5-5.1.3.jar:/home/safia/.m2/repository/org/apache/httpcomponents/core5/httpcore5/5.1.3/httpcore5-5.1.3.jar:/home/safia/.m2/repository/org/apache/httpcomponents/core5/httpcore5-h2/5.1.3/httpcore5-h2-5.1.3.jar:/home/safia/.m2/repository/commons-codec/commons-codec/1.15/commons-codec-1.15.jar:/home/safia/.m2/repository/io/cucumber/cucumber-java/7.6.0/cucumber-java-7.6.0.jar:/home/safia/.m2/repository/org/apiguardian/apiguardian-api/1.1.2/apiguardian-api-1.1.2.jar:/home/safia/.m2/repository/io/cucumber/cucumber-junit/7.6.0/cucumber-junit-7.6.0.jar:/home/safia/.m2/repository/io/cucumber/cucumber-core/7.6.0/cucumber-core-7.6.0.jar:/home/safia/.m2/repository/io/cucumber/cucumber-gherkin/7.6.0/cucumber-gherkin-7.6.0.jar:/home/safia/.m2/repository/io/cucumber/cucumber-gherkin-messages/7.6.0/cucumber-gherkin-messages-7.6.0.jar:/home/safia/.m2/repository/io/cucumber/messages/19.0.0/messages-19.0.0.jar:/home/safia/.m2/repository/io/cucumber/tag-expressions/4.1.0/tag-expressions-4.1.0.jar:/home/safia/.m2/repository/io/cucumber/cucumber-expressions/16.0.0/cucumber-expressions-16.0.0.jar:/home/safia/.m2/repository/io/cucumber/datatable/7.6.0/datatable-7.6.0.jar:/home/safia/.m2/repository/io/cucumber/cucumber-plugin/7.6.0/cucumber-plugin-7.6.0.jar:/home/safia/.m2/repository/io/cucumber/docstring/7.6.0/docstring-7.6.0.jar:/home/safia/.m2/repository/io/cucumber/html-formatter/20.0.0/html-formatter-20.0.0.jar:/home/safia/.m2/repository/io/cucumber/ci-environment/9.1.0/ci-environment-9.1.0.jar:/home/safia/.m2/repository/io/cucumber/gherkin/24.0.0/gherkin-24.0.0.jar:/home/safia/.m2/repository/net/masterthought/cucumber-reporting/5.7.2/cucumber-reporting-5.7.2.jar:/home/safia/.m2/repository/com/fasterxml/jackson/core/jackson-databind/2.13.2.2/jackson-databind-2.13.2.2.jar:/home/safia/.m2/repository/com/fasterxml/jackson/core/jackson-annotations/2.13.2/jackson-annotations-2.13.2.jar:/home/safia/.m2/repository/com/fasterxml/jackson/core/jackson-core/2.13.2/jackson-core-2.13.2.jar:/home/safia/.m2/repository/com/fasterxml/jackson/datatype/jackson-datatype-jsr310/2.13.2/jackson-datatype-jsr310-2.13.2.jar:/home/safia/.m2/repository/org/apache/velocity/velocity-engine-core/2.3/velocity-engine-core-2.3.jar:/home/safia/.m2/repository/commons-collections/commons-collections/3.2.2/commons-collections-3.2.2.jar:/home/safia/.m2/repository/joda-time/joda-time/2.10.14/joda-time-2.10.14.jar:/home/safia/.m2/repository/commons-io/commons-io/2.7/commons-io-2.7.jar:/home/safia/.m2/repository/org/codehaus/plexus/plexus-utils/3.4.2/plexus-utils-3.4.2.jar:/home/safia/.m2/repository/org/jsoup/jsoup/1.15.1/jsoup-1.15.1.jar:/home/safia/.m2/repository/com/googlecode/owasp-java-html-sanitizer/owasp-java-html-sanitizer/20211018.2/owasp-java-html-sanitizer-20211018.2.jar:/home/safia/.m2/repository/commons-configuration/commons-configuration/1.10/commons-configuration-1.10.jar:/home/safia/.m2/repository/commons-lang/commons-lang/2.6/commons-lang-2.6.jar:/home/safia/.m2/repository/commons-logging/commons-logging/1.1.1/commons-logging-1.1.1.jar:/home/safia/.m2/repository/org/apache/maven/plugins/maven-surefire-plugin/3.0.0-M7/maven-surefire-plugin-3.0.0-M7.jar:/home/safia/.m2/repository/org/apache/maven/surefire/maven-surefire-common/3.0.0-M7/maven-surefire-common-3.0.0-M7.jar:/home/safia/.m2/repository/org/apache/maven/surefire/surefire-api/3.0.0-M7/surefire-api-3.0.0-M7.jar:/home/safia/.m2/repository/org/apache/maven/surefire/surefire-logger-api/3.0.0-M7/surefire-logger-api-3.0.0-M7.jar:/home/safia/.m2/repository/org/apache/maven/surefire/surefire-extensions-api/3.0.0-M7/surefire-extensions-api-3.0.0-M7.jar:/home/safia/.m2/repository/org/apache/maven/surefire/surefire-booter/3.0.0-M7/surefire-booter-3.0.0-M7.jar:/home/safia/.m2/repository/org/apache/maven/surefire/surefire-extensions-spi/3.0.0-M7/surefire-extensions-spi-3.0.0-M7.jar:/home/safia/.m2/repository/org/apache/maven/shared/maven-common-artifact-filters/3.1.1/maven-common-artifact-filters-3.1.1.jar:/home/safia/.m2/repository/org/apache/maven/maven-artifact/3.1.0/maven-artifact-3.1.0.jar:/home/safia/.m2/repository/org/apache/maven/maven-core/3.1.0/maven-core-3.1.0.jar:/home/safia/.m2/repository/org/apache/maven/maven-settings/3.1.0/maven-settings-3.1.0.jar:/home/safia/.m2/repository/org/apache/maven/maven-settings-builder/3.1.0/maven-settings-builder-3.1.0.jar:/home/safia/.m2/repository/org/apache/maven/maven-repository-metadata/3.1.0/maven-repository-metadata-3.1.0.jar:/home/safia/.m2/repository/org/apache/maven/maven-model-builder/3.1.0/maven-model-builder-3.1.0.jar:/home/safia/.m2/repository/org/apache/maven/maven-aether-provider/3.1.0/maven-aether-provider-3.1.0.jar:/home/safia/.m2/repository/org/eclipse/aether/aether-spi/0.9.0.M2/aether-spi-0.9.0.M2.jar:/home/safia/.m2/repository/org/eclipse/aether/aether-impl/0.9.0.M2/aether-impl-0.9.0.M2.jar:/home/safia/.m2/repository/org/eclipse/aether/aether-api/0.9.0.M2/aether-api-0.9.0.M2.jar:/home/safia/.m2/repository/org/eclipse/aether/aether-util/0.9.0.M2/aether-util-0.9.0.M2.jar:/home/safia/.m2/repository/org/eclipse/sisu/org.eclipse.sisu.plexus/0.0.0.M2a/org.eclipse.sisu.plexus-0.0.0.M2a.jar:/home/safia/.m2/repository/javax/enterprise/cdi-api/1.0/cdi-api-1.0.jar:/home/safia/.m2/repository/javax/annotation/jsr250-api/1.0/jsr250-api-1.0.jar:/home/safia/.m2/repository/javax/inject/javax.inject/1/javax.inject-1.jar:/home/safia/.m2/repository/org/sonatype/sisu/sisu-guice/3.1.0/sisu-guice-3.1.0-no_aop.jar:/home/safia/.m2/repository/aopalliance/aopalliance/1.0/aopalliance-1.0.jar:/home/safia/.m2/repository/org/eclipse/sisu/org.eclipse.sisu.inject/0.0.0.M2a/org.eclipse.sisu.inject-0.0.0.M2a.jar:/home/safia/.m2/repository/asm/asm/3.3.1/asm-3.3.1.jar:/home/safia/.m2/repository/org/codehaus/plexus/plexus-interpolation/1.16/plexus-interpolation-1.16.jar:/home/safia/.m2/repository/org/codehaus/plexus/plexus-classworlds/2.4.2/plexus-classworlds-2.4.2.jar:/home/safia/.m2/repository/org/codehaus/plexus/plexus-component-annotations/1.5.5/plexus-component-annotations-1.5.5.jar:/home/safia/.m2/repository/org/sonatype/plexus/plexus-sec-dispatcher/1.3/plexus-sec-dispatcher-1.3.jar:/home/safia/.m2/repository/org/sonatype/plexus/plexus-cipher/1.4/plexus-cipher-1.4.jar:/home/safia/.m2/repository/org/apache/maven/maven-plugin-api/3.1.0/maven-plugin-api-3.1.0.jar:/home/safia/.m2/repository/org/codehaus/plexus/plexus-java/1.1.1/plexus-java-1.1.1.jar:/home/safia/.m2/repository/org/ow2/asm/asm/9.2/asm-9.2.jar:/home/safia/.m2/repository/com/thoughtworks/qdox/qdox/2.0.1/qdox-2.0.1.jar:/home/safia/.m2/repository/org/apache/maven/surefire/surefire-shared-utils/3.0.0-M7/surefire-shared-utils-3.0.0-M7.jar:"/>
    <property name="sun.cpu.endian" value="little"/>
    <property name="user.home" value="/home/safia"/>
    <property name="user.language" value="en"/>
    <property name="java.specification.vendor" value="Oracle Corporation"/>
    <property name="java.version.date" value="2022-07-19"/>
    <property name="java.home" value="/usr/lib/jvm/java-11-openjdk-amd64"/>
    <property name="file.separator" value="/"/>
    <property name="style.color" value="always"/>
    <property name="basedir" value="/home/safia/eclipse-workspace/ACMESystem"/>
    <property name="java.vm.compressedOopsMode" value="32-bit"/>
    <property name="line.separator" value="&#10;"/>
    <property name="java.specification.name" value="Java Platform API Specification"/>
    <property name="java.vm.specification.vendor" value="Oracle Corporation"/>
    <property name="java.awt.graphicsenv" value="sun.awt.X11GraphicsEnvironment"/>
    <property name="surefire.real.class.path" value="/home/safia/eclipse-workspace/ACMESystem/target/surefire/surefirebooter18148758536486192598.jar"/>
    <property name="sun.management.compiler" value="HotSpot 64-Bit Tiered Compilers"/>
    <property name="java.runtime.version" value="11.0.16+8-post-Ubuntu-0ubuntu120.04"/>
    <property name="user.name" value="safia"/>
    <property name="path.separator" value=":"/>
    <property name="os.version" value="5.15.0-46-generic"/>
    <property name="java.runtime.name" value="OpenJDK Runtime Environment"/>
    <property name="file.encoding" value="UTF-8"/>
    <property name="java.vm.name" value="OpenJDK 64-Bit Server VM"/>
    <property name="localRepository" value="/home/safia/.m2/repository"/>
    <property name="java.vendor.url.bug" value="https://bugs.launchpad.net/ubuntu/+source/openjdk-lts"/>
    <property name="java.io.tmpdir" value="/tmp"/>
    <property name="java.version" value="11.0.16"/>
    <property name="user.dir" value="/home/safia/eclipse-workspace/ACMESystem"/>
    <property name="os.arch" value="amd64"/>
    <property name="java.vm.specification.name" value="Java Virtual Machine Specification"/>
    <property name="java.awt.printerjob" value="sun.print.PSPrinterJob"/>
    <property name="sun.os.patch.level" value="unknown"/>
    <property name="java.library.path" value="/usr/java/packages/lib:/usr/lib/x86_64-linux-gnu/jni:/lib/x86_64-linux-gnu:/usr/lib/x86_64-linux-gnu:/usr/lib/jni:/lib:/usr/lib"/>
    <property name="java.vm.info" value="mixed mode, sharing"/>
    <property name="java.vendor" value="Ubuntu"/>
    <property name="java.vm.version" value="11.0.16+8-post-Ubuntu-0ubuntu120.04"/>
    <property name="sun.io.unicode.encoding" value="UnicodeLittle"/>
    <property name="java.class.version" value="55.0"/>
  </properties>
  <testcase name="Change items status" classname="Work Item" time="45.191">
    <failure message="expected:&lt;A[CME System 1] - Reset Test Data&gt; but was:&lt;A[ccount] - Reset Test Data&gt;" type="org.junit.ComparisonFailure"><![CDATA[org.junit.ComparisonFailure: expected:<A[CME System 1] - Reset Test Data> but was:<A[ccount] - Reset Test Data>
]]></failure>
    <system-out><![CDATA[
@current-implementation @important
Scenario Outline: Change items status                                                                       &amp#27;[90m# src/test/java/Features/WorkItems.feature:73&amp#27;[0m
  &amp#27;[32mGiven &amp#27;[0m&amp#27;[32mThe user open the login page&amp#27;[0m                                                                        &amp#27;[90m# StepDefinitions.LoginSteps.the_user_open_the_login_page()&amp#27;[0m
  &amp#27;[32mWhen &amp#27;[0m&amp#27;[32mThe user enter a valid username &amp#27;[0m&amp#27;[32m&amp#27;[1m"s.mahallel99@gmail.com"&amp#27;[0m                                             &amp#27;[90m# StepDefinitions.LoginSteps.the_user_enter_a_valid_username(java.lang.String)&amp#27;[0m
  &amp#27;[32mAnd &amp#27;[0m&amp#27;[32mThe user enter a valid password &amp#27;[0m&amp#27;[32m&amp#27;[1m"123456789a"&amp#27;[0m                                                          &amp#27;[90m# StepDefinitions.LoginSteps.the_user_enter_a_valid_password(java.lang.String)&amp#27;[0m
  &amp#27;[32mAnd &amp#27;[0m&amp#27;[32mThe user check the remeber me check box&amp#27;[0m                                                               &amp#27;[90m# StepDefinitions.LoginSteps.the_user_check_the_remeber_me_check_box()&amp#27;[0m
  &amp#27;[32mThen &amp#27;[0m&amp#27;[32mThe system should redirect to the dashboard page with the title &amp#27;[0m&amp#27;[32m&amp#27;[1m"ACME System 1 - Dashboard"&amp#27;[0m          &amp#27;[90m# StepDefinitions.LoginSteps.the_system_should_redirect_to_the_dashboard_page_with_the_title(java.lang.String)&amp#27;[0m
  &amp#27;[32mGiven &amp#27;[0m&amp#27;[32mThe user open the Work Items&amp#27;[0m                                                                        &amp#27;[90m# StepDefinitions.WorkItemsSteps.the_user_open_the_work_items()&amp#27;[0m
  &amp#27;[32mAnd &amp#27;[0m&amp#27;[32mThe user choose item  &amp#27;[0m&amp#27;[32m&amp#27;[1m"87977467"&amp#27;[0m                                                                      &amp#27;[90m# StepDefinitions.WorkItemsSteps.the_user_choose_item(java.lang.String)&amp#27;[0m
  &amp#27;[32mWhen &amp#27;[0m&amp#27;[32mClick symbol search&amp#27;[0m                                                                                  &amp#27;[90m# StepDefinitions.WorkItemsSteps.click_symbol_search()&amp#27;[0m
  &amp#27;[32mThen &amp#27;[0m&amp#27;[32mWork Item details appear with the header &amp#27;[0m&amp#27;[32m&amp#27;[1m"Work Items - Work Item Details"&amp#27;[0m                            &amp#27;[90m# StepDefinitions.WorkItemsSteps.work_item_details_appear_with_the_header(java.lang.String)&amp#27;[0m
  &amp#27;[32mWhen &amp#27;[0m&amp#27;[32mUser click on button Update Work Item&amp#27;[0m                                                                &amp#27;[90m# StepDefinitions.WorkItemsSteps.user_click_on_button_update_work_item()&amp#27;[0m
  &amp#27;[32mThen &amp#27;[0m&amp#27;[32mA new windows pop Up with the header &amp#27;[0m&amp#27;[32m&amp#27;[1m"ACME System 1"&amp#27;[0m                                                 &amp#27;[90m# StepDefinitions.WorkItemsSteps.a_new_windows_pop_up_with_the_header(java.lang.String)&amp#27;[0m
  &amp#27;[32mGiven &amp#27;[0m&amp#27;[32mThe User change the status of the item to &amp#27;[0m&amp#27;[32m&amp#27;[1m"Completed"&amp#27;[0m&amp#27;[32m and add comment and click on Update Work Item&amp#27;[0m &amp#27;[90m# StepDefinitions.WorkItemsSteps.the_user_change_the_status_of_the_item_to_and_add_comment_and_click_on_update_work_item(java.lang.String)&amp#27;[0m
  &amp#27;[32mThen &amp#27;[0m&amp#27;[32mThen an alert with following appears &amp#27;[0m&amp#27;[32m&amp#27;[1m"Work Item was updated accordingly"&amp#27;[0m                             &amp#27;[90m# StepDefinitions.WorkItemsSteps.then_an_alert_with_following_appears(java.lang.String)&amp#27;[0m
  &amp#27;[32mGiven &amp#27;[0m&amp#27;[32mThe user navigate back to work item table and check the status of random selected item&amp#27;[0m              &amp#27;[90m# StepDefinitions.WorkItemsSteps.the_user_navigate_back_to_work_item_table_and_check_the_status_of_random_selected_item()&amp#27;[0m
  &amp#27;[32mThen &amp#27;[0m&amp#27;[32mThe item status is changed to &amp#27;[0m&amp#27;[32m&amp#27;[1m"Completed"&amp#27;[0m                                                            &amp#27;[90m# StepDefinitions.WorkItemsSteps.the_item_status_is_changed_to(java.lang.String)&amp#27;[0m
  &amp#27;[32mGiven &amp#27;[0m&amp#27;[32mThe user click on reset data&amp#27;[0m                                                                        &amp#27;[90m# StepDefinitions.WorkItemsSteps.the_user_click_on_reset_data()&amp#27;[0m
  &amp#27;[31mThen &amp#27;[0m&amp#27;[31m&amp#27;[0m&amp#27;[31m&amp#27;[1m"Account - Reset Test Data"&amp#27;[0m&amp#27;[31m appear&amp#27;[0m                                                                   &amp#27;[90m# StepDefinitions.WorkItemsSteps.appear(java.lang.String)&amp#27;[0m
      &amp#27;[31morg.junit.ComparisonFailure: expected:<A[CME System 1] - Reset Test Data> but was:<A[ccount] - Reset Test Data>
	at org.junit.Assert.assertEquals(Assert.java:117)
	at org.junit.Assert.assertEquals(Assert.java:146)
	at StepDefinitions.WorkItemsSteps.appear(WorkItemsSteps.java:219)
	at ✽."Account - Reset Test Data" appear(file:///home/safia/eclipse-workspace/ACMESystem/src/test/java/Features/WorkItems.feature:63)
&amp#27;[0m
  &amp#27;[36mWhen &amp#27;[0m&amp#27;[36mThe user click on Reset Test Data&amp#27;[0m                                                                    &amp#27;[90m# StepDefinitions.WorkItemsSteps.the_user_click_on_reset_test_data()&amp#27;[0m
  &amp#27;[36mThen &amp#27;[0m&amp#27;[36mProgress bar appear&amp#27;[0m                                                                                  &amp#27;[90m# StepDefinitions.WorkItemsSteps.progress_bar_appear()&amp#27;[0m
  &amp#27;[36mAnd &amp#27;[0m&amp#27;[36mAlert with the following appear &amp#27;[0m&amp#27;[36m&amp#27;[1m"Your Test Data has been successfully reset."&amp#27;[0m                         &amp#27;[90m# StepDefinitions.WorkItemsSteps.alert_with_the_following_appear(java.lang.String)&amp#27;[0m
  &amp#27;[36mWhen &amp#27;[0m&amp#27;[36mThe user click OK&amp#27;[0m                                                                                    &amp#27;[90m# StepDefinitions.WorkItemsSteps.the_user_click_ok()&amp#27;[0m
  &amp#27;[36mThen &amp#27;[0m&amp#27;[36mThe alert disappear and the progress bar&amp#27;[0m                                                             &amp#27;[90m# StepDefinitions.WorkItemsSteps.the_alert_disappear_and_the_progress_bar()&amp#27;[0m
  &amp#27;[36mAnd &amp#27;[0m&amp#27;[36mThe data in Work item table is reseted&amp#27;[0m                                                                &amp#27;[90m# StepDefinitions.WorkItemsSteps.the_data_in_work_item_table_is_reseted()&amp#27;[0m

    Embedding  [image/png 79943 bytes]

]]></system-out>
    <system-err><![CDATA[SLF4J: Failed to load class "org.slf4j.impl.StaticLoggerBinder".
SLF4J: Defaulting to no-operation (NOP) logger implementation
SLF4J: See http://www.slf4j.org/codes.html#StaticLoggerBinder for further details.
Starting ChromeDriver 104.0.5112.79 (3cf3e8c8a07d104b9e1260c910efb8f383285dc5-refs/branch-heads/5112@{#1307}) on port 20038
Only local connections are allowed.
Please see https://chromedriver.chromium.org/security-considerations for suggestions on keeping ChromeDriver safe.
ChromeDriver was started successfully.
Oct 23, 2022 3:43:33 PM org.openqa.selenium.remote.ProtocolHandshake createSession
INFO: Detected dialect: W3C
]]></system-err>
  </testcase>
</testsuite>